
  ==========================================
  Studio Pro version: 6.1.13
  Started at: 18.09.2021, 10:13:46
  ==========================================
  

[2021-09-18T07:20:38.183Z] : [success]: Workflow успешно сохранен

[2021-09-18T07:20:38.211Z] : [info]: ---------------------------------------------

[2021-09-18T07:20:38.212Z] : [success]: Бот начал работу

[2021-09-18T07:20:38.212Z] : [info]: Robot start

[2021-09-18T07:21:04.167Z] : [error]: chrome not reachable
  (Session info: chrome=93.0.4577.82)

[2021-09-18T07:21:04.169Z] : [error]: Время выполнения: 25с 955мс

[2021-09-18T07:21:04.170Z] : [info]: ---------------------------------------------

[2021-09-18T07:21:06.374Z] : [success]: Workflow успешно сохранен

[2021-09-18T07:21:06.401Z] : [success]: Бот начал работу

[2021-09-18T07:21:06.402Z] : [info]: Robot start

[2021-09-18T07:21:18.843Z] : [success]: Бот успешно завершил работу, время выполнения: 12с 440мс

[2021-09-18T07:21:18.844Z] : [info]: ---------------------------------------------

[2021-09-18T07:24:00.520Z] : [success]: Workflow успешно сохранен

[2021-09-18T07:24:00.539Z] : [success]: Бот начал работу

[2021-09-18T07:24:00.540Z] : [info]: Robot start

[2021-09-18T07:24:17.879Z] : [success]: Бот успешно завершил работу, время выполнения: 17с 337мс

[2021-09-18T07:24:17.880Z] : [info]: ---------------------------------------------

[2021-09-18T07:25:17.572Z] : [success]: Workflow успешно сохранен

[2021-09-18T07:25:17.599Z] : [success]: Бот начал работу

[2021-09-18T07:25:17.600Z] : [info]: Robot start

[2021-09-18T07:25:33.853Z] : [success]: Бот успешно завершил работу, время выполнения: 16с 252мс

[2021-09-18T07:25:33.854Z] : [info]: ---------------------------------------------

[2021-09-18T07:30:10.561Z] : [success]: Workflow успешно сохранен

[2021-09-18T07:30:10.583Z] : [success]: Бот начал работу

[2021-09-18T07:30:10.584Z] : [info]: Robot start

[2021-09-18T07:30:30.903Z] : [success]: Бот успешно завершил работу, время выполнения: 20с 318мс

[2021-09-18T07:30:30.904Z] : [info]: ---------------------------------------------

[2021-09-18T07:33:16.845Z] : [success]: Workflow успешно сохранен

[2021-09-18T07:33:16.880Z] : [success]: Бот начал работу

[2021-09-18T07:33:16.881Z] : [info]: Robot start

[2021-09-18T07:33:40.877Z] : [success]: Бот успешно завершил работу, время выполнения: 23с 995мс

[2021-09-18T07:33:40.878Z] : [info]: ---------------------------------------------

[2021-09-18T07:34:29.003Z] : [success]: Workflow успешно сохранен

[2021-09-18T07:34:29.055Z] : [success]: Бот начал работу

[2021-09-18T07:34:29.056Z] : [info]: Robot start

[2021-09-18T07:35:38.032Z] : [error]: Script Stopped.

[2021-09-18T07:35:38.034Z] : [warn]: Время выполнения: 1м 8с 975мс

[2021-09-18T07:35:38.034Z] : [info]: ---------------------------------------------

[2021-09-18T07:35:42.605Z] : [success]: Workflow успешно сохранен

[2021-09-18T07:35:48.836Z] : [success]: Workflow успешно сохранен

[2021-09-18T07:35:48.857Z] : [success]: Бот начал работу

[2021-09-18T07:35:48.857Z] : [info]: Robot start

[2021-09-18T07:36:38.178Z] : [error]: По Вашему выбору не было найдено ни одного элемента. Это могло произойти из-за того, что селектор неправильный, или из-за того, что элемент требует больше времени для появления на экране. Попробуйте изменить селектор или увеличить время ожидания элемента и повторите попытку еще раз

[2021-09-18T07:36:38.181Z] : [error]: Время выполнения: 49с 321мс

[2021-09-18T07:36:38.181Z] : [info]: ---------------------------------------------

[2021-09-18T07:36:48.462Z] : [success]: Workflow успешно сохранен

[2021-09-18T07:36:49.299Z] : [success]: Workflow успешно сохранен

[2021-09-18T07:36:52.824Z] : [success]: Workflow успешно сохранен

