
  ==========================================
  Studio Pro version: 6.1.13
  Started at: 17.09.2021, 20:48:21
  ==========================================
  

[2021-09-17T18:41:57.719Z] : [success]: Workflow успешно сохранен

[2021-09-17T18:41:57.743Z] : [success]: Бот начал работу

[2021-09-17T18:41:57.743Z] : [info]: Robot start

[2021-09-17T18:41:59.761Z] : [success]: Бот успешно завершил работу, время выполнения: 2с 17мс

[2021-09-17T18:41:59.761Z] : [info]: ---------------------------------------------

[2021-09-17T18:42:24.522Z] : [success]: Workflow успешно сохранен

[2021-09-17T18:42:24.538Z] : [success]: Бот начал работу

[2021-09-17T18:42:24.539Z] : [info]: Robot start

[2021-09-17T18:42:25.750Z] : [error]: Waiting for at least one element to be located By(css selector, [id="themesCell_theme_1"])
Wait timed out after 15056ms

[2021-09-17T18:42:25.752Z] : [error]: Время выполнения: 1с 210мс

[2021-09-17T18:42:25.753Z] : [info]: ---------------------------------------------

[2021-09-17T18:43:25.132Z] : [success]: Workflow успешно сохранен

[2021-09-17T18:43:25.149Z] : [success]: Бот начал работу

[2021-09-17T18:43:25.149Z] : [info]: Robot start

[2021-09-17T18:43:26.762Z] : [error]: unexpected alert open: {Alert text : Uncaught Error: Callback has already called
on https://platform.demo.1c.ru/demo83/ru_RU/scripts/mod_main_loader.js?sysver=8.3.20.1466:298,45
Callback has already called}
  (Session info: chrome=93.0.4577.82)

[2021-09-17T18:43:26.765Z] : [error]: Время выполнения: 1с 613мс

[2021-09-17T18:43:26.766Z] : [info]: ---------------------------------------------

[2021-09-17T18:49:59.251Z] : [success]: Workflow успешно сохранен

[2021-09-17T18:49:59.272Z] : [success]: Бот начал работу

[2021-09-17T18:49:59.273Z] : [info]: Robot start

[2021-09-17T18:50:00.788Z] : [error]: Невозможно взаимодействовать с элементов, так как указанная вкладка не открыта

[2021-09-17T18:50:00.790Z] : [error]: Время выполнения: 1с 514мс

[2021-09-17T18:50:00.791Z] : [info]: ---------------------------------------------

[2021-09-17T18:52:22.996Z] : [success]: Workflow успешно сохранен

[2021-09-17T18:52:23.010Z] : [success]: Бот начал работу

[2021-09-17T18:52:23.010Z] : [info]: Robot start

[2021-09-17T18:52:24.774Z] : [error]: Невозможно взаимодействовать с элементов, так как указанная вкладка не открыта

[2021-09-17T18:52:24.776Z] : [error]: Время выполнения: 1с 764мс

[2021-09-17T18:52:24.776Z] : [info]: ---------------------------------------------

[2021-09-17T18:52:41.758Z] : [success]: Workflow успешно сохранен

[2021-09-17T18:52:41.770Z] : [success]: Бот начал работу

[2021-09-17T18:52:41.771Z] : [info]: Robot start

[2021-09-17T18:52:43.747Z] : [error]: Невозможно взаимодействовать с элементов, так как указанная вкладка не открыта

[2021-09-17T18:52:43.750Z] : [error]: Время выполнения: 1с 976мс

[2021-09-17T18:52:43.750Z] : [info]: ---------------------------------------------

[2021-09-17T18:53:33.935Z] : [success]: Workflow успешно сохранен

[2021-09-17T18:53:33.969Z] : [success]: Бот начал работу

[2021-09-17T18:53:33.970Z] : [info]: Robot start

[2021-09-17T18:53:35.758Z] : [error]: Невозможно взаимодействовать с элементов, так как указанная вкладка не открыта

[2021-09-17T18:53:35.760Z] : [error]: Время выполнения: 1с 788мс

[2021-09-17T18:53:35.761Z] : [info]: ---------------------------------------------

[2021-09-17T18:54:15.848Z] : [success]: Workflow успешно сохранен

[2021-09-17T18:54:15.865Z] : [success]: Бот начал работу

[2021-09-17T18:54:15.866Z] : [info]: Robot start

[2021-09-17T18:54:17.760Z] : [error]: Невозможно взаимодействовать с элементов, так как указанная вкладка не открыта

[2021-09-17T18:54:17.762Z] : [error]: Время выполнения: 1с 894мс

[2021-09-17T18:54:17.763Z] : [info]: ---------------------------------------------

[2021-09-17T18:55:11.183Z] : [success]: Workflow успешно сохранен

[2021-09-17T18:55:11.197Z] : [success]: Бот начал работу

[2021-09-17T18:55:11.197Z] : [info]: Robot start

[2021-09-17T18:55:12.762Z] : [error]: Невозможно взаимодействовать с элементов, так как указанная вкладка не открыта

[2021-09-17T18:55:12.766Z] : [error]: Время выполнения: 1с 565мс

[2021-09-17T18:55:12.767Z] : [info]: ---------------------------------------------

[2021-09-17T18:57:52.671Z] : [success]: Workflow успешно сохранен

[2021-09-17T18:59:43.410Z] : [success]: Workflow успешно сохранен

