
  ==========================================
  Studio Pro version: 6.1.13
  Started at: 18.09.2021, 12:18:53
  ==========================================
  

[2021-09-18T09:18:55.546Z] : [success]: Workflow успешно сохранен

[2021-09-18T09:18:55.586Z] : [info]: ---------------------------------------------

[2021-09-18T09:18:55.587Z] : [success]: Бот начал работу

[2021-09-18T09:18:55.587Z] : [info]: Robot start

[2021-09-18T09:19:32.444Z] : [error]: element not interactable
  (Session info: chrome=93.0.4577.82)

[2021-09-18T09:19:32.451Z] : [error]: Время выполнения: 36с 857мс

[2021-09-18T09:19:32.452Z] : [info]: ---------------------------------------------

[2021-09-18T09:22:02.451Z] : [success]: Workflow успешно сохранен

[2021-09-18T09:22:02.491Z] : [success]: Бот начал работу

[2021-09-18T09:22:02.492Z] : [info]: Robot start

[2021-09-18T09:22:34.888Z] : [error]: Ошибка при выполнении данного действия, так как найдено несколько элементов по предоставленному Вами селектору. Убедитесь, что селектор выбранного элемента действительно уникальный перед взаимодействием с ним

[2021-09-18T09:22:34.890Z] : [error]: Время выполнения: 32с 396мс

[2021-09-18T09:22:34.891Z] : [info]: ---------------------------------------------

[2021-09-18T09:22:43.248Z] : [success]: Workflow успешно сохранен

[2021-09-18T09:22:43.280Z] : [success]: Бот начал работу

[2021-09-18T09:22:43.281Z] : [info]: Robot start

[2021-09-18T09:23:20.854Z] : [success]: Бот успешно завершил работу, время выполнения: 37с 564мс

[2021-09-18T09:23:20.855Z] : [info]: ---------------------------------------------

[2021-09-18T09:27:23.636Z] : [success]: Workflow успешно сохранен

[2021-09-18T09:27:23.678Z] : [success]: Бот начал работу

[2021-09-18T09:27:23.678Z] : [info]: Robot start

[2021-09-18T09:27:57.897Z] : [error]: Ошибка при выполнении данного действия, так как найдено несколько элементов по предоставленному Вами селектору. Убедитесь, что селектор выбранного элемента действительно уникальный перед взаимодействием с ним

[2021-09-18T09:27:57.899Z] : [error]: Время выполнения: 34с 219мс

[2021-09-18T09:27:57.901Z] : [info]: ---------------------------------------------

[2021-09-18T09:28:26.416Z] : [success]: Workflow успешно сохранен

[2021-09-18T09:28:26.444Z] : [success]: Бот начал работу

[2021-09-18T09:28:26.444Z] : [info]: Robot start

[2021-09-18T09:29:21.664Z] : [error]: По Вашему выбору не было найдено ни одного элемента. Это могло произойти из-за того, что селектор неправильный, или из-за того, что элемент требует больше времени для появления на экране. Попробуйте изменить селектор или увеличить время ожидания элемента и повторите попытку еще раз

[2021-09-18T09:29:21.666Z] : [error]: Время выполнения: 55с 220мс

[2021-09-18T09:29:21.667Z] : [info]: ---------------------------------------------

[2021-09-18T09:29:34.344Z] : [success]: Workflow успешно сохранен

[2021-09-18T09:29:34.375Z] : [success]: Бот начал работу

[2021-09-18T09:29:34.376Z] : [info]: Robot start

[2021-09-18T09:29:36.860Z] : [error]: По Вашему выбору не было найдено ни одного элемента. Это могло произойти из-за того, что селектор неправильный, или из-за того, что элемент требует больше времени для появления на экране. Попробуйте изменить селектор или увеличить время ожидания элемента и повторите попытку еще раз

[2021-09-18T09:29:36.862Z] : [error]: Время выполнения: 2с 484мс

[2021-09-18T09:29:36.863Z] : [info]: ---------------------------------------------

[2021-09-18T09:31:26.410Z] : [success]: Workflow успешно сохранен

[2021-09-18T09:31:26.445Z] : [success]: Бот начал работу

[2021-09-18T09:31:26.446Z] : [info]: Robot start

[2021-09-18T09:31:27.865Z] : [error]: KolPilik is not defined

[2021-09-18T09:31:27.867Z] : [error]: Время выполнения: 1с 419мс

[2021-09-18T09:31:27.867Z] : [info]: ---------------------------------------------

[2021-09-18T09:33:05.002Z] : [success]: Workflow успешно сохранен

[2021-09-18T09:33:05.041Z] : [success]: Бот начал работу

[2021-09-18T09:33:05.042Z] : [info]: Robot start

[2021-09-18T09:33:07.850Z] : [success]: Бот успешно завершил работу, время выполнения: 2с 806мс

[2021-09-18T09:33:07.850Z] : [info]: ---------------------------------------------

[2021-09-18T09:34:43.920Z] : [success]: Workflow успешно сохранен

[2021-09-18T09:34:43.956Z] : [success]: Бот начал работу

[2021-09-18T09:34:43.956Z] : [info]: Robot start

[2021-09-18T09:34:46.868Z] : [success]: Бот успешно завершил работу, время выполнения: 2с 911мс

[2021-09-18T09:34:46.869Z] : [info]: ---------------------------------------------

[2021-09-18T09:35:14.429Z] : [success]: Workflow успешно сохранен

[2021-09-18T09:35:14.455Z] : [success]: Бот начал работу

[2021-09-18T09:35:14.456Z] : [info]: Robot start

[2021-09-18T09:35:16.824Z] : [error]: The agent is already running another script.

[2021-09-18T09:35:16.825Z] : [info]: ---------------------------------------------

[2021-09-18T09:35:23.275Z] : [success]: Workflow успешно сохранен

[2021-09-18T09:35:23.299Z] : [success]: Бот начал работу

[2021-09-18T09:35:23.299Z] : [info]: Robot start

[2021-09-18T09:35:24.835Z] : [error]: The agent is already running another script.

[2021-09-18T09:35:24.837Z] : [info]: ---------------------------------------------

[2021-09-18T09:35:35.698Z] : [success]: Workflow успешно сохранен

[2021-09-18T09:35:35.729Z] : [success]: Бот начал работу

[2021-09-18T09:35:35.730Z] : [info]: Robot start

[2021-09-18T09:35:38.860Z] : [error]: По Вашему выбору не было найдено ни одного элемента. Это могло произойти из-за того, что селектор неправильный, или из-за того, что элемент требует больше времени для появления на экране. Попробуйте изменить селектор или увеличить время ожидания элемента и повторите попытку еще раз

[2021-09-18T09:35:38.862Z] : [error]: Время выполнения: 3с 130мс

[2021-09-18T09:35:38.862Z] : [info]: ---------------------------------------------

[2021-09-18T09:35:58.376Z] : [success]: Workflow успешно сохранен

[2021-09-18T09:35:58.403Z] : [success]: Бот начал работу

[2021-09-18T09:35:58.403Z] : [info]: Robot start

[2021-09-18T09:35:59.836Z] : [error]: The agent is already running another script.

[2021-09-18T09:35:59.837Z] : [info]: ---------------------------------------------

[2021-09-18T09:36:14.238Z] : [success]: Workflow успешно сохранен

[2021-09-18T09:36:14.267Z] : [success]: Бот начал работу

[2021-09-18T09:36:14.267Z] : [info]: Robot start

[2021-09-18T09:36:16.867Z] : [error]: chrome not reachable
  (Session info: chrome=93.0.4577.82)

[2021-09-18T09:36:16.869Z] : [error]: Время выполнения: 2с 600мс

[2021-09-18T09:36:16.869Z] : [info]: ---------------------------------------------

[2021-09-18T09:36:50.100Z] : [success]: Workflow успешно сохранен

[2021-09-18T09:37:00.919Z] : [success]: Workflow успешно сохранен

[2021-09-18T09:37:04.993Z] : [success]: Workflow успешно сохранен

