
  ==========================================
  Studio Pro version: 6.1.13
  Started at: 18.09.2021, 07:38:36
  ==========================================
  

[2021-09-18T04:38:53.376Z] : [success]: Workflow успешно сохранен

[2021-09-18T04:38:53.399Z] : [info]: ---------------------------------------------

[2021-09-18T04:38:53.400Z] : [success]: Бот начал работу

[2021-09-18T04:38:53.400Z] : [info]: Robot start

[2021-09-18T04:39:06.048Z] : [error]: element not interactable
  (Session info: chrome=93.0.4577.82)

[2021-09-18T04:39:06.054Z] : [error]: Время выполнения: 12с 648мс

[2021-09-18T04:39:06.055Z] : [info]: ---------------------------------------------

[2021-09-18T04:39:50.600Z] : [success]: Workflow успешно сохранен

[2021-09-18T04:39:50.619Z] : [success]: Бот начал работу

[2021-09-18T04:39:50.619Z] : [info]: Robot start

[2021-09-18T04:40:02.852Z] : [error]: element not interactable
  (Session info: chrome=93.0.4577.82)

[2021-09-18T04:40:02.854Z] : [error]: Время выполнения: 12с 233мс

[2021-09-18T04:40:02.854Z] : [info]: ---------------------------------------------

[2021-09-18T04:40:21.557Z] : [success]: Workflow успешно сохранен

[2021-09-18T04:40:21.573Z] : [success]: Бот начал работу

[2021-09-18T04:40:21.574Z] : [info]: Robot start

[2021-09-18T04:40:33.848Z] : [error]: element not interactable
  (Session info: chrome=93.0.4577.82)

[2021-09-18T04:40:33.850Z] : [error]: Время выполнения: 12с 274мс

[2021-09-18T04:40:33.851Z] : [info]: ---------------------------------------------

[2021-09-18T04:41:01.754Z] : [success]: Workflow успешно сохранен

[2021-09-18T04:41:01.770Z] : [success]: Бот начал работу

[2021-09-18T04:41:01.771Z] : [info]: Robot start

[2021-09-18T04:41:13.860Z] : [error]: element not interactable
  (Session info: chrome=93.0.4577.82)

[2021-09-18T04:41:13.863Z] : [error]: Время выполнения: 12с 89мс

[2021-09-18T04:41:13.864Z] : [info]: ---------------------------------------------

[2021-09-18T04:44:40.176Z] : [success]: Workflow успешно сохранен

[2021-09-18T04:44:40.193Z] : [success]: Бот начал работу

[2021-09-18T04:44:40.194Z] : [info]: Robot start

[2021-09-18T04:45:07.878Z] : [error]: Waiting for at least one element to be located By(css selector, .serp-header__main)
Wait timed out after 15089ms

[2021-09-18T04:45:07.881Z] : [error]: Время выполнения: 27с 684мс

[2021-09-18T04:45:07.881Z] : [info]: ---------------------------------------------

[2021-09-18T04:45:29.526Z] : [success]: Workflow успешно сохранен

[2021-09-18T04:45:29.546Z] : [success]: Бот начал работу

[2021-09-18T04:45:29.546Z] : [info]: Robot start

[2021-09-18T04:45:40.835Z] : [error]: element not interactable
  (Session info: chrome=93.0.4577.82)

[2021-09-18T04:45:40.837Z] : [error]: Время выполнения: 11с 289мс

[2021-09-18T04:45:40.838Z] : [info]: ---------------------------------------------

[2021-09-18T04:50:36.838Z] : [success]: Workflow успешно сохранен

[2021-09-18T04:50:36.858Z] : [success]: Бот начал работу

[2021-09-18T04:50:36.858Z] : [info]: Robot start

[2021-09-18T04:50:54.844Z] : [error]: unexpected alert open: {Alert text : }
  (Session info: chrome=93.0.4577.82)

[2021-09-18T04:50:54.845Z] : [error]: Время выполнения: 17с 985мс

[2021-09-18T04:50:54.846Z] : [info]: ---------------------------------------------

[2021-09-18T04:51:08.418Z] : [success]: Workflow успешно сохранен

[2021-09-18T04:51:08.433Z] : [success]: Бот начал работу

[2021-09-18T04:51:08.433Z] : [info]: Robot start

[2021-09-18T04:51:18.844Z] : [error]: element not interactable
  (Session info: chrome=93.0.4577.82)

[2021-09-18T04:51:18.845Z] : [error]: Время выполнения: 10с 411мс

[2021-09-18T04:51:18.846Z] : [info]: ---------------------------------------------

[2021-09-18T04:57:44.852Z] : [success]: Workflow успешно сохранен

[2021-09-18T04:57:44.916Z] : [error]: Необходимо заполнить параметры действия: Задать значение переменной

[2021-09-18T04:57:44.918Z] : [info]: ---------------------------------------------

[2021-09-18T04:57:54.533Z] : [success]: Workflow успешно сохранен

[2021-09-18T04:57:54.549Z] : [success]: Бот начал работу

[2021-09-18T04:57:54.550Z] : [info]: Robot start

[2021-09-18T04:58:05.850Z] : [success]: Бот успешно завершил работу, время выполнения: 11с 299мс

[2021-09-18T04:58:05.851Z] : [info]: ---------------------------------------------

[2021-09-18T05:05:34.583Z] : [success]: Workflow успешно сохранен

[2021-09-18T05:05:34.611Z] : [success]: Бот начал работу

[2021-09-18T05:05:34.612Z] : [info]: Robot start

[2021-09-18T05:05:46.864Z] : [error]: Невозможно взаимодействовать с элементов, так как указанная вкладка не открыта

[2021-09-18T05:05:46.866Z] : [error]: Время выполнения: 12с 252мс

[2021-09-18T05:05:46.867Z] : [info]: ---------------------------------------------

[2021-09-18T05:11:12.488Z] : [success]: Workflow успешно сохранен

[2021-09-18T05:11:12.511Z] : [success]: Бот начал работу

[2021-09-18T05:11:12.512Z] : [info]: Robot start

[2021-09-18T05:11:24.861Z] : [error]: element not interactable
  (Session info: chrome=93.0.4577.82)

[2021-09-18T05:11:24.863Z] : [error]: Время выполнения: 12с 348мс

[2021-09-18T05:11:24.863Z] : [info]: ---------------------------------------------

[2021-09-18T05:11:36.407Z] : [success]: Workflow успешно сохранен

[2021-09-18T05:11:36.427Z] : [success]: Бот начал работу

[2021-09-18T05:11:36.427Z] : [info]: Robot start

[2021-09-18T05:11:48.847Z] : [error]: element not interactable
  (Session info: chrome=93.0.4577.82)

[2021-09-18T05:11:48.849Z] : [error]: Время выполнения: 12с 419мс

[2021-09-18T05:11:48.850Z] : [info]: ---------------------------------------------

[2021-09-18T05:12:33.755Z] : [success]: Workflow успешно сохранен

[2021-09-18T05:12:33.773Z] : [success]: Бот начал работу

[2021-09-18T05:12:33.773Z] : [info]: Robot start

[2021-09-18T05:12:45.846Z] : [error]: element not interactable
  (Session info: chrome=93.0.4577.82)

[2021-09-18T05:12:45.847Z] : [error]: Время выполнения: 12с 72мс

[2021-09-18T05:12:45.848Z] : [info]: ---------------------------------------------

[2021-09-18T05:13:36.041Z] : [success]: Workflow успешно сохранен

[2021-09-18T05:13:36.054Z] : [success]: Бот начал работу

[2021-09-18T05:13:36.054Z] : [info]: Robot start

[2021-09-18T05:13:49.848Z] : [success]: Бот успешно завершил работу, время выполнения: 13с 793мс

[2021-09-18T05:13:49.848Z] : [info]: ---------------------------------------------

[2021-09-18T05:15:11.042Z] : [success]: Workflow успешно сохранен

[2021-09-18T05:15:11.057Z] : [success]: Бот начал работу

[2021-09-18T05:15:11.058Z] : [info]: Robot start

[2021-09-18T05:15:24.844Z] : [success]: Бот успешно завершил работу, время выполнения: 13с 784мс

[2021-09-18T05:15:24.844Z] : [info]: ---------------------------------------------

[2021-09-18T05:16:21.467Z] : [success]: Workflow успешно сохранен

[2021-09-18T05:16:21.493Z] : [success]: Бот начал работу

[2021-09-18T05:16:21.493Z] : [info]: Robot start

[2021-09-18T05:16:33.865Z] : [success]: Бот успешно завершил работу, время выполнения: 12с 370мс

[2021-09-18T05:16:33.865Z] : [info]: ---------------------------------------------

[2021-09-18T05:16:54.440Z] : [success]: Workflow успешно сохранен

[2021-09-18T05:16:54.452Z] : [success]: Бот начал работу

[2021-09-18T05:16:54.453Z] : [info]: Robot start

[2021-09-18T05:17:07.843Z] : [success]: Бот успешно завершил работу, время выполнения: 13с 387мс

[2021-09-18T05:17:07.844Z] : [info]: ---------------------------------------------

[2021-09-18T05:17:31.822Z] : [success]: Workflow успешно сохранен

[2021-09-18T05:17:31.835Z] : [success]: Бот начал работу

[2021-09-18T05:17:31.835Z] : [info]: Robot start

[2021-09-18T05:17:44.923Z] : [success]: Бот успешно завершил работу, время выполнения: 13с 87мс

[2021-09-18T05:17:44.924Z] : [info]: ---------------------------------------------

[2021-09-18T05:18:14.858Z] : [success]: Workflow успешно сохранен

[2021-09-18T05:18:14.872Z] : [success]: Бот начал работу

[2021-09-18T05:18:14.873Z] : [info]: Robot start

[2021-09-18T05:18:27.852Z] : [success]: Бот успешно завершил работу, время выполнения: 12с 978мс

[2021-09-18T05:18:27.852Z] : [info]: ---------------------------------------------

[2021-09-18T05:20:45.433Z] : [success]: Workflow успешно сохранен

[2021-09-18T05:20:45.461Z] : [success]: Бот начал работу

[2021-09-18T05:20:45.461Z] : [info]: Robot start

[2021-09-18T05:20:58.862Z] : [error]: Невозможно взаимодействовать с элементов, так как указанная вкладка не открыта

[2021-09-18T05:20:58.864Z] : [error]: Время выполнения: 13с 401мс

[2021-09-18T05:20:58.865Z] : [info]: ---------------------------------------------

[2021-09-18T05:26:07.155Z] : [success]: Workflow успешно сохранен

[2021-09-18T05:26:07.173Z] : [success]: Бот начал работу

[2021-09-18T05:26:07.174Z] : [info]: Robot start

[2021-09-18T05:26:19.882Z] : [error]: Невозможно взаимодействовать с элементов, так как указанная вкладка не открыта

[2021-09-18T05:26:19.884Z] : [error]: Время выполнения: 12с 708мс

[2021-09-18T05:26:19.885Z] : [info]: ---------------------------------------------

[2021-09-18T05:26:43.855Z] : [success]: Workflow успешно сохранен

[2021-09-18T05:26:43.878Z] : [success]: Бот начал работу

[2021-09-18T05:26:43.879Z] : [info]: Robot start

[2021-09-18T05:26:57.849Z] : [success]: Бот успешно завершил работу, время выполнения: 13с 969мс

[2021-09-18T05:26:57.850Z] : [info]: ---------------------------------------------

[2021-09-18T05:32:36.653Z] : [success]: Workflow успешно сохранен

[2021-09-18T05:32:36.677Z] : [success]: Бот начал работу

[2021-09-18T05:32:36.678Z] : [info]: Robot start

[2021-09-18T05:32:50.851Z] : [success]: Бот успешно завершил работу, время выполнения: 14с 172мс

[2021-09-18T05:32:50.852Z] : [info]: ---------------------------------------------

[2021-09-18T05:33:09.891Z] : [success]: Workflow успешно сохранен

[2021-09-18T05:33:09.907Z] : [success]: Бот начал работу

[2021-09-18T05:33:09.908Z] : [info]: Robot start

[2021-09-18T05:33:22.830Z] : [success]: Бот успешно завершил работу, время выполнения: 12с 921мс

[2021-09-18T05:33:22.830Z] : [info]: ---------------------------------------------

[2021-09-18T05:33:52.509Z] : [success]: Workflow успешно сохранен

[2021-09-18T05:33:52.533Z] : [success]: Бот начал работу

[2021-09-18T05:33:52.534Z] : [info]: Robot start

[2021-09-18T05:34:05.853Z] : [success]: Бот успешно завершил работу, время выполнения: 13с 318мс

[2021-09-18T05:34:05.854Z] : [info]: ---------------------------------------------

[2021-09-18T05:38:39.943Z] : [success]: Workflow успешно сохранен

[2021-09-18T05:38:39.969Z] : [success]: Бот начал работу

[2021-09-18T05:38:39.970Z] : [info]: Robot start

[2021-09-18T05:38:54.846Z] : [error]: Невозможно взаимодействовать с элементов, так как указанная вкладка не открыта

[2021-09-18T05:38:54.847Z] : [error]: Время выполнения: 14с 875мс

[2021-09-18T05:38:54.848Z] : [info]: ---------------------------------------------

[2021-09-18T05:39:15.566Z] : [success]: Workflow успешно сохранен

[2021-09-18T05:39:15.578Z] : [success]: Бот начал работу

[2021-09-18T05:39:15.578Z] : [info]: Robot start

[2021-09-18T05:39:29.841Z] : [success]: Бот успешно завершил работу, время выполнения: 14с 253мс

[2021-09-18T05:39:29.841Z] : [info]: ---------------------------------------------

[2021-09-18T05:39:37.102Z] : [success]: Workflow успешно сохранен

[2021-09-18T05:39:37.122Z] : [success]: Бот начал работу

[2021-09-18T05:39:37.123Z] : [info]: Robot start

[2021-09-18T05:39:52.842Z] : [success]: Бот успешно завершил работу, время выполнения: 15с 718мс

[2021-09-18T05:39:52.843Z] : [info]: ---------------------------------------------

[2021-09-18T05:42:33.141Z] : [success]: Workflow успешно сохранен

[2021-09-18T05:42:33.163Z] : [success]: Бот начал работу

[2021-09-18T05:42:33.163Z] : [info]: Robot start

[2021-09-18T05:42:46.851Z] : [error]: Невозможно взаимодействовать с элементов, так как указанная вкладка не открыта

[2021-09-18T05:42:46.853Z] : [error]: Время выполнения: 13с 688мс

[2021-09-18T05:42:46.854Z] : [info]: ---------------------------------------------

[2021-09-18T05:43:22.220Z] : [success]: Workflow успешно сохранен

[2021-09-18T05:43:22.236Z] : [success]: Бот начал работу

[2021-09-18T05:43:22.237Z] : [info]: Robot start

[2021-09-18T05:43:37.843Z] : [success]: Бот успешно завершил работу, время выполнения: 15с 605мс

[2021-09-18T05:43:37.843Z] : [info]: ---------------------------------------------

[2021-09-18T05:44:39.073Z] : [success]: Workflow успешно сохранен

[2021-09-18T05:44:39.091Z] : [success]: Бот начал работу

[2021-09-18T05:44:39.091Z] : [info]: Robot start

[2021-09-18T05:44:52.845Z] : [success]: Бот успешно завершил работу, время выполнения: 13с 753мс

[2021-09-18T05:44:52.846Z] : [info]: ---------------------------------------------

[2021-09-18T05:49:17.479Z] : [success]: Workflow успешно сохранен

[2021-09-18T05:52:57.432Z] : [success]: Workflow успешно сохранен

