
  ==========================================
  Studio Pro version: 6.1.13
  Started at: 18.09.2021, 11:46:57
  ==========================================
  

[2021-09-18T08:47:11.364Z] : [success]: Workflow успешно сохранен

[2021-09-18T08:47:11.383Z] : [info]: ---------------------------------------------

[2021-09-18T08:47:11.383Z] : [success]: Бот начал работу

[2021-09-18T08:47:11.384Z] : [info]: Robot start

[2021-09-18T08:47:43.326Z] : [success]: Бот успешно завершил работу, время выполнения: 31с 939мс

[2021-09-18T08:47:43.329Z] : [info]: ---------------------------------------------

[2021-09-18T08:48:38.617Z] : [success]: Workflow успешно сохранен

[2021-09-18T08:48:38.663Z] : [success]: Бот начал работу

[2021-09-18T08:48:38.664Z] : [info]: Robot start

[2021-09-18T08:49:07.853Z] : [error]: Script Stopped.

[2021-09-18T08:49:07.855Z] : [warn]: Время выполнения: 29с 189мс

[2021-09-18T08:49:07.856Z] : [info]: ---------------------------------------------

[2021-09-18T08:49:18.325Z] : [success]: Workflow успешно сохранен

[2021-09-18T08:49:18.362Z] : [success]: Бот начал работу

[2021-09-18T08:49:18.363Z] : [info]: Robot start

[2021-09-18T08:49:49.866Z] : [success]: Бот успешно завершил работу, время выполнения: 31с 502мс

[2021-09-18T08:49:49.867Z] : [info]: ---------------------------------------------

[2021-09-18T08:49:58.933Z] : [success]: Workflow успешно сохранен

[2021-09-18T08:49:58.957Z] : [success]: Бот начал работу

[2021-09-18T08:49:58.958Z] : [info]: Robot start

[2021-09-18T08:50:29.847Z] : [success]: Бот успешно завершил работу, время выполнения: 30с 888мс

[2021-09-18T08:50:29.848Z] : [info]: ---------------------------------------------

[2021-09-18T09:03:25.701Z] : [success]: Workflow успешно сохранен

[2021-09-18T09:03:25.736Z] : [success]: Бот начал работу

[2021-09-18T09:03:25.737Z] : [info]: Robot start

[2021-09-18T09:03:49.159Z] : [error]: chrome not reachable
  (Session info: chrome=93.0.4577.82)

[2021-09-18T09:03:49.162Z] : [error]: Время выполнения: 23с 422мс

[2021-09-18T09:03:49.162Z] : [info]: ---------------------------------------------

[2021-09-18T09:03:53.321Z] : [success]: Workflow успешно сохранен

[2021-09-18T09:03:53.355Z] : [success]: Бот начал работу

[2021-09-18T09:03:53.356Z] : [info]: Robot start

[2021-09-18T09:04:27.852Z] : [error]: Ошибка при выполнении данного действия, так как найдено несколько элементов по предоставленному Вами селектору. Убедитесь, что селектор выбранного элемента действительно уникальный перед взаимодействием с ним

[2021-09-18T09:04:27.854Z] : [error]: Время выполнения: 34с 496мс

[2021-09-18T09:04:27.855Z] : [info]: ---------------------------------------------

[2021-09-18T09:08:32.575Z] : [success]: Workflow успешно сохранен

[2021-09-18T09:08:32.610Z] : [success]: Бот начал работу

[2021-09-18T09:08:32.610Z] : [info]: Robot start

[2021-09-18T09:08:56.201Z] : [error]: chrome not reachable
  (Session info: chrome=93.0.4577.82)

[2021-09-18T09:08:56.203Z] : [error]: Время выполнения: 23с 591мс

[2021-09-18T09:08:56.204Z] : [info]: ---------------------------------------------

[2021-09-18T09:08:58.326Z] : [success]: Workflow успешно сохранен

[2021-09-18T09:08:58.354Z] : [success]: Бот начал работу

[2021-09-18T09:08:58.354Z] : [info]: Robot start

[2021-09-18T09:09:33.857Z] : [error]: Ошибка при выполнении данного действия, так как найдено несколько элементов по предоставленному Вами селектору. Убедитесь, что селектор выбранного элемента действительно уникальный перед взаимодействием с ним

[2021-09-18T09:09:33.859Z] : [error]: Время выполнения: 35с 503мс

[2021-09-18T09:09:33.860Z] : [info]: ---------------------------------------------

[2021-09-18T09:12:41.186Z] : [success]: Workflow успешно сохранен

[2021-09-18T09:12:41.216Z] : [success]: Бот начал работу

[2021-09-18T09:12:41.217Z] : [info]: Robot start

[2021-09-18T09:13:22.863Z] : [error]: Ошибка при выполнении данного действия, так как найдено несколько элементов по предоставленному Вами селектору. Убедитесь, что селектор выбранного элемента действительно уникальный перед взаимодействием с ним

[2021-09-18T09:13:22.865Z] : [error]: Время выполнения: 41с 646мс

[2021-09-18T09:13:22.866Z] : [info]: ---------------------------------------------

[2021-09-18T09:15:49.419Z] : [success]: Workflow успешно сохранен

[2021-09-18T09:15:49.450Z] : [success]: Бот начал работу

[2021-09-18T09:15:49.451Z] : [info]: Robot start

[2021-09-18T09:16:23.864Z] : [error]: element not interactable
  (Session info: chrome=93.0.4577.82)

[2021-09-18T09:16:23.866Z] : [error]: Время выполнения: 34с 413мс

[2021-09-18T09:16:23.866Z] : [info]: ---------------------------------------------

[2021-09-18T09:17:45.888Z] : [success]: Workflow успешно сохранен

[2021-09-18T09:17:45.926Z] : [success]: Бот начал работу

[2021-09-18T09:17:45.927Z] : [info]: Robot start

[2021-09-18T09:18:20.854Z] : [error]: Ошибка при выполнении данного действия, так как найдено несколько элементов по предоставленному Вами селектору. Убедитесь, что селектор выбранного элемента действительно уникальный перед взаимодействием с ним

[2021-09-18T09:18:20.856Z] : [error]: Время выполнения: 34с 926мс

[2021-09-18T09:18:20.856Z] : [info]: ---------------------------------------------

[2021-09-18T09:18:28.796Z] : [success]: Workflow успешно сохранен

[2021-09-18T09:18:32.979Z] : [success]: Workflow успешно сохранен

