
  ==========================================
  Studio Pro version: 6.1.13
  Started at: 17.09.2021, 22:13:12
  ==========================================
  

[2021-09-17T19:13:29.939Z] : [success]: Workflow успешно сохранен

[2021-09-17T19:13:29.955Z] : [info]: ---------------------------------------------

[2021-09-17T19:13:29.956Z] : [success]: Бот начал работу

[2021-09-17T19:13:29.956Z] : [info]: Robot start

[2021-09-17T19:13:38.421Z] : [error]: Невозможно взаимодействовать с элементов, так как указанная вкладка не открыта

[2021-09-17T19:13:38.424Z] : [error]: Время выполнения: 8с 464мс

[2021-09-17T19:13:38.425Z] : [info]: ---------------------------------------------

[2021-09-17T19:16:36.876Z] : [success]: Workflow успешно сохранен

[2021-09-17T19:16:36.903Z] : [success]: Бот начал работу

[2021-09-17T19:16:36.904Z] : [info]: Robot start

[2021-09-17T19:16:42.213Z] : [error]: Невозможно взаимодействовать с элементов, так как указанная вкладка не открыта

[2021-09-17T19:16:42.215Z] : [error]: Время выполнения: 5с 309мс

[2021-09-17T19:16:42.215Z] : [info]: ---------------------------------------------

[2021-09-17T19:17:51.127Z] : [success]: Workflow успешно сохранен

[2021-09-17T19:17:51.148Z] : [success]: Бот начал работу

[2021-09-17T19:17:51.149Z] : [info]: Robot start

[2021-09-17T19:17:57.216Z] : [error]: Невозможно взаимодействовать с элементов, так как указанная вкладка не открыта

[2021-09-17T19:17:57.218Z] : [error]: Время выполнения: 6с 67мс

[2021-09-17T19:17:57.219Z] : [info]: ---------------------------------------------

[2021-09-17T19:18:35.326Z] : [success]: Workflow успешно сохранен

[2021-09-17T19:18:35.345Z] : [success]: Бот начал работу

[2021-09-17T19:18:35.346Z] : [info]: Robot start

[2021-09-17T19:18:41.204Z] : [error]: Невозможно взаимодействовать с элементов, так как указанная вкладка не открыта

[2021-09-17T19:18:41.206Z] : [error]: Время выполнения: 5с 858мс

[2021-09-17T19:18:41.206Z] : [info]: ---------------------------------------------

[2021-09-17T19:22:58.408Z] : [success]: Workflow успешно сохранен

[2021-09-17T19:22:58.433Z] : [success]: Бот начал работу

[2021-09-17T19:22:58.434Z] : [info]: Robot start

[2021-09-17T19:23:00.210Z] : [error]: Cannot read property 'css' of null

[2021-09-17T19:23:00.212Z] : [error]: Время выполнения: 1с 775мс

[2021-09-17T19:23:00.213Z] : [info]: ---------------------------------------------

[2021-09-17T19:23:10.186Z] : [success]: Workflow успешно сохранен

[2021-09-17T19:23:10.198Z] : [success]: Бот начал работу

[2021-09-17T19:23:10.199Z] : [info]: Robot start

[2021-09-17T19:23:12.222Z] : [error]: Невозможно взаимодействовать с элементов, так как указанная вкладка не открыта

[2021-09-17T19:23:12.224Z] : [error]: Время выполнения: 2с 23мс

[2021-09-17T19:23:12.224Z] : [info]: ---------------------------------------------

[2021-09-17T19:26:43.562Z] : [success]: Workflow успешно сохранен

[2021-09-17T19:26:48.004Z] : [success]: Workflow успешно сохранен

[2021-09-17T19:26:48.026Z] : [success]: Бот начал работу

[2021-09-17T19:26:48.026Z] : [info]: Robot start

[2021-09-17T19:26:49.211Z] : [error]: Невозможно взаимодействовать с элементов, так как указанная вкладка не открыта

[2021-09-17T19:26:49.213Z] : [error]: Время выполнения: 1с 185мс

[2021-09-17T19:26:49.214Z] : [info]: ---------------------------------------------

[2021-09-17T19:27:15.883Z] : [success]: Workflow успешно сохранен

[2021-09-17T19:27:15.899Z] : [success]: Бот начал работу

[2021-09-17T19:27:15.900Z] : [info]: Robot start

[2021-09-17T19:27:17.214Z] : [success]: Бот успешно завершил работу, время выполнения: 1с 312мс

[2021-09-17T19:27:17.214Z] : [info]: ---------------------------------------------

[2021-09-17T19:31:16.124Z] : [success]: Workflow успешно сохранен

[2021-09-17T19:31:18.159Z] : [success]: Workflow успешно сохранен

[2021-09-17T19:31:18.176Z] : [success]: Бот начал работу

[2021-09-17T19:31:18.177Z] : [info]: Robot start

[2021-09-17T19:31:20.202Z] : [error]: Невозможно взаимодействовать с элементов, так как указанная вкладка не открыта

[2021-09-17T19:31:20.204Z] : [error]: Время выполнения: 2с 25мс

[2021-09-17T19:31:20.205Z] : [info]: ---------------------------------------------

[2021-09-17T19:31:42.194Z] : [success]: Workflow успешно сохранен

[2021-09-17T19:31:42.206Z] : [success]: Бот начал работу

[2021-09-17T19:31:42.206Z] : [info]: Robot start

[2021-09-17T19:31:44.222Z] : [error]: Невозможно взаимодействовать с элементов, так как указанная вкладка не открыта

[2021-09-17T19:31:44.224Z] : [error]: Время выполнения: 2с 16мс

[2021-09-17T19:31:44.225Z] : [info]: ---------------------------------------------

[2021-09-17T19:36:45.249Z] : [success]: Workflow успешно сохранен

[2021-09-17T19:36:45.271Z] : [success]: Бот начал работу

[2021-09-17T19:36:45.271Z] : [info]: Robot start

[2021-09-17T19:36:47.266Z] : [success]: Бот успешно завершил работу, время выполнения: 1с 994мс

[2021-09-17T19:36:47.267Z] : [info]: ---------------------------------------------

[2021-09-17T19:37:32.997Z] : [success]: Workflow успешно сохранен

[2021-09-17T19:37:33.011Z] : [success]: Бот начал работу

[2021-09-17T19:37:33.011Z] : [info]: Robot start

[2021-09-17T19:37:34.203Z] : [error]: Невозможно взаимодействовать с элементов, так как указанная вкладка не открыта

[2021-09-17T19:37:34.204Z] : [error]: Время выполнения: 1с 191мс

[2021-09-17T19:37:34.205Z] : [info]: ---------------------------------------------

[2021-09-17T19:39:35.974Z] : [success]: Workflow успешно сохранен

[2021-09-17T19:39:35.990Z] : [success]: Бот начал работу

[2021-09-17T19:39:35.991Z] : [info]: Robot start

[2021-09-17T19:39:37.210Z] : [error]: Невозможно взаимодействовать с элементов, так как указанная вкладка не открыта

[2021-09-17T19:39:37.212Z] : [error]: Время выполнения: 1с 219мс

[2021-09-17T19:39:37.213Z] : [info]: ---------------------------------------------

[2021-09-17T19:40:14.541Z] : [success]: Workflow успешно сохранен

[2021-09-17T19:40:14.555Z] : [success]: Бот начал работу

[2021-09-17T19:40:14.555Z] : [info]: Robot start

[2021-09-17T19:40:16.208Z] : [error]: Невозможно взаимодействовать с элементов, так как указанная вкладка не открыта

[2021-09-17T19:40:16.210Z] : [error]: Время выполнения: 1с 653мс

[2021-09-17T19:40:16.210Z] : [info]: ---------------------------------------------

[2021-09-17T19:42:15.183Z] : [success]: Workflow успешно сохранен

[2021-09-17T19:42:15.200Z] : [success]: Бот начал работу

[2021-09-17T19:42:15.201Z] : [info]: Robot start

[2021-09-17T19:42:17.207Z] : [error]: Невозможно взаимодействовать с элементов, так как указанная вкладка не открыта

[2021-09-17T19:42:17.210Z] : [error]: Время выполнения: 2с 6мс

[2021-09-17T19:42:17.211Z] : [info]: ---------------------------------------------

[2021-09-17T19:44:45.483Z] : [success]: Workflow успешно сохранен

[2021-09-17T19:44:45.497Z] : [success]: Бот начал работу

[2021-09-17T19:44:45.498Z] : [info]: Robot start

[2021-09-17T19:44:47.220Z] : [error]: Waiting for at least one element to be located By(css selector, .fieldNoBorder input.editInput)
Wait timed out after 15165ms

[2021-09-17T19:44:47.223Z] : [error]: Время выполнения: 1с 722мс

[2021-09-17T19:44:47.223Z] : [info]: ---------------------------------------------

[2021-09-17T19:45:12.617Z] : [success]: Workflow успешно сохранен

[2021-09-17T19:45:12.631Z] : [success]: Бот начал работу

[2021-09-17T19:45:12.632Z] : [info]: Robot start

[2021-09-17T19:45:14.245Z] : [error]: Script Stopped.

[2021-09-17T19:45:14.249Z] : [warn]: Время выполнения: 1с 612мс

[2021-09-17T19:45:14.250Z] : [info]: ---------------------------------------------

[2021-09-17T19:45:38.879Z] : [success]: Workflow успешно сохранен

[2021-09-17T19:50:06.634Z] : [success]: Workflow успешно сохранен

[2021-09-17T19:50:25.898Z] : [success]: Workflow успешно сохранен

[2021-09-17T19:50:25.913Z] : [success]: Бот начал работу

[2021-09-17T19:50:25.913Z] : [info]: Robot start

[2021-09-17T19:50:27.218Z] : [error]: each key must be a number of string; got object

[2021-09-17T19:50:27.220Z] : [error]: Время выполнения: 1с 304мс

[2021-09-17T19:50:27.220Z] : [info]: ---------------------------------------------

[2021-09-17T19:52:13.333Z] : [success]: Workflow успешно сохранен

[2021-09-17T19:52:16.872Z] : [success]: Workflow успешно сохранен

[2021-09-17T19:52:16.892Z] : [success]: Бот начал работу

[2021-09-17T19:52:16.893Z] : [info]: Robot start

[2021-09-17T19:52:18.231Z] : [success]: Бот успешно завершил работу, время выполнения: 1с 337мс

[2021-09-17T19:52:18.232Z] : [info]: ---------------------------------------------

[2021-09-17T19:53:11.176Z] : [success]: Workflow успешно сохранен

[2021-09-17T19:53:11.195Z] : [success]: Бот начал работу

[2021-09-17T19:53:11.195Z] : [info]: Robot start

[2021-09-17T19:53:13.216Z] : [success]: Бот успешно завершил работу, время выполнения: 2с 20мс

[2021-09-17T19:53:13.216Z] : [info]: ---------------------------------------------

[2021-09-17T19:53:36.857Z] : [success]: Workflow успешно сохранен

[2021-09-17T19:53:36.874Z] : [success]: Бот начал работу

[2021-09-17T19:53:36.875Z] : [info]: Robot start

[2021-09-17T19:53:38.207Z] : [success]: Бот успешно завершил работу, время выполнения: 1с 331мс

[2021-09-17T19:53:38.207Z] : [info]: ---------------------------------------------

[2021-09-17T20:00:33.126Z] : [success]: Workflow успешно сохранен

[2021-09-17T20:00:33.151Z] : [success]: Бот начал работу

[2021-09-17T20:00:33.151Z] : [info]: Robot start

[2021-09-17T20:00:35.444Z] : [success]: Бот успешно завершил работу, время выполнения: 2с 292мс

[2021-09-17T20:00:35.445Z] : [info]: ---------------------------------------------

[2021-09-17T20:02:47.482Z] : [success]: Workflow успешно сохранен

[2021-09-17T20:02:47.498Z] : [success]: Бот начал работу

[2021-09-17T20:02:47.499Z] : [info]: Robot start

[2021-09-17T20:02:49.241Z] : [error]: element not interactable
  (Session info: chrome=93.0.4577.82)

[2021-09-17T20:02:49.242Z] : [error]: Время выполнения: 1с 741мс

[2021-09-17T20:02:49.243Z] : [info]: ---------------------------------------------

[2021-09-17T20:13:24.022Z] : [success]: Workflow успешно сохранен

[2021-09-17T20:13:24.044Z] : [success]: Бот начал работу

[2021-09-17T20:13:24.044Z] : [info]: Robot start

[2021-09-17T20:13:25.480Z] : [error]: element not interactable
  (Session info: chrome=93.0.4577.82)

[2021-09-17T20:13:25.483Z] : [error]: Время выполнения: 1с 436мс

[2021-09-17T20:13:25.485Z] : [info]: ---------------------------------------------

[2021-09-17T20:18:02.636Z] : [success]: Workflow успешно сохранен

[2021-09-17T20:18:02.656Z] : [success]: Бот начал работу

[2021-09-17T20:18:02.656Z] : [info]: Robot start

[2021-09-17T20:18:04.217Z] : [error]: element not interactable
  (Session info: chrome=93.0.4577.82)

[2021-09-17T20:18:04.220Z] : [error]: Время выполнения: 1с 561мс

[2021-09-17T20:18:04.220Z] : [info]: ---------------------------------------------

[2021-09-17T20:18:43.255Z] : [success]: Workflow успешно сохранен

[2021-09-17T20:18:43.275Z] : [success]: Бот начал работу

[2021-09-17T20:18:43.276Z] : [info]: Robot start

[2021-09-17T20:18:45.210Z] : [error]: Cannot read property 'toString' of undefined

[2021-09-17T20:18:45.212Z] : [error]: Время выполнения: 1с 933мс

[2021-09-17T20:18:45.212Z] : [info]: ---------------------------------------------

[2021-09-17T20:20:58.937Z] : [success]: Workflow успешно сохранен

[2021-09-17T20:20:58.956Z] : [success]: Бот начал работу

[2021-09-17T20:20:58.957Z] : [info]: Robot start

[2021-09-17T20:21:00.204Z] : [error]: element not interactable
  (Session info: chrome=93.0.4577.82)

[2021-09-17T20:21:00.206Z] : [error]: Время выполнения: 1с 247мс

[2021-09-17T20:21:00.206Z] : [info]: ---------------------------------------------

[2021-09-17T20:22:19.089Z] : [success]: Workflow успешно сохранен

[2021-09-17T20:22:19.106Z] : [success]: Бот начал работу

[2021-09-17T20:22:19.106Z] : [info]: Robot start

[2021-09-17T20:22:21.200Z] : [error]: element not interactable
  (Session info: chrome=93.0.4577.82)

[2021-09-17T20:22:21.202Z] : [error]: Время выполнения: 2с 94мс

[2021-09-17T20:22:21.202Z] : [info]: ---------------------------------------------

[2021-09-17T20:22:45.654Z] : [success]: Workflow успешно сохранен

[2021-09-17T20:22:45.670Z] : [success]: Бот начал работу

[2021-09-17T20:22:45.671Z] : [info]: Robot start

[2021-09-17T20:22:47.209Z] : [error]: Waiting for at least one element to be located By(css selector, [id="themesCell_theme_1"] span)
Wait timed out after 15021ms

[2021-09-17T20:22:47.211Z] : [error]: Время выполнения: 1с 538мс

[2021-09-17T20:22:47.212Z] : [info]: ---------------------------------------------

[2021-09-17T20:23:51.920Z] : [success]: Workflow успешно сохранен

[2021-09-17T20:23:51.936Z] : [success]: Бот начал работу

[2021-09-17T20:23:51.937Z] : [info]: Robot start

[2021-09-17T20:23:53.205Z] : [error]: Невозможно взаимодействовать с элементов, так как указанная вкладка не открыта

[2021-09-17T20:23:53.207Z] : [error]: Время выполнения: 1с 268мс

[2021-09-17T20:23:53.207Z] : [info]: ---------------------------------------------

[2021-09-17T20:26:55.048Z] : [success]: Workflow успешно сохранен

[2021-09-17T20:26:55.069Z] : [success]: Бот начал работу

[2021-09-17T20:26:55.069Z] : [info]: Robot start

[2021-09-17T20:26:57.227Z] : [error]: Невозможно взаимодействовать с элементов, так как указанная вкладка не открыта

[2021-09-17T20:26:57.230Z] : [error]: Время выполнения: 2с 158мс

[2021-09-17T20:26:57.230Z] : [info]: ---------------------------------------------

[2021-09-17T20:29:58.022Z] : [success]: Workflow успешно сохранен

[2021-09-17T20:35:00.800Z] : [success]: Workflow успешно сохранен

[2021-09-17T20:35:00.818Z] : [success]: Бот начал работу

[2021-09-17T20:35:00.819Z] : [info]: Robot start

[2021-09-17T20:35:02.324Z] : [error]: element not interactable
  (Session info: chrome=93.0.4577.82)

[2021-09-17T20:35:02.326Z] : [error]: Время выполнения: 1с 505мс

[2021-09-17T20:35:02.326Z] : [info]: ---------------------------------------------

[2021-09-17T20:35:22.659Z] : [success]: Workflow успешно сохранен

[2021-09-17T20:35:22.679Z] : [success]: Бот начал работу

[2021-09-17T20:35:22.680Z] : [info]: Robot start

[2021-09-17T20:35:24.213Z] : [error]: chrome not reachable
  (Session info: chrome=93.0.4577.82)

[2021-09-17T20:35:24.215Z] : [error]: Время выполнения: 1с 533мс

[2021-09-17T20:35:24.216Z] : [info]: ---------------------------------------------

[2021-09-17T20:35:32.316Z] : [success]: Workflow успешно сохранен

[2021-09-17T20:35:32.332Z] : [success]: Бот начал работу

[2021-09-17T20:35:32.333Z] : [info]: Robot start

[2021-09-17T20:35:34.222Z] : [error]: chrome not reachable
  (Session info: chrome=93.0.4577.82)

[2021-09-17T20:35:34.224Z] : [error]: Время выполнения: 1с 889мс

[2021-09-17T20:35:34.224Z] : [info]: ---------------------------------------------

[2021-09-17T20:36:08.507Z] : [success]: Workflow успешно сохранен

[2021-09-17T20:36:08.521Z] : [success]: Бот начал работу

[2021-09-17T20:36:08.522Z] : [info]: Robot start

[2021-09-17T20:36:10.252Z] : [error]: element not interactable
  (Session info: chrome=93.0.4577.82)

[2021-09-17T20:36:10.254Z] : [error]: Время выполнения: 1с 729мс

[2021-09-17T20:36:10.254Z] : [info]: ---------------------------------------------

[2021-09-17T20:37:37.949Z] : [success]: Workflow успешно сохранен

[2021-09-17T20:37:37.966Z] : [success]: Бот начал работу

[2021-09-17T20:37:37.967Z] : [info]: Robot start

[2021-09-17T20:37:39.511Z] : [error]: Waiting for at least one element to be located By(css selector, .fieldNoBorder .inputsBox)
Wait timed out after 15126ms

[2021-09-17T20:37:39.513Z] : [error]: Время выполнения: 1с 544мс

[2021-09-17T20:37:39.514Z] : [info]: ---------------------------------------------

[2021-09-17T20:38:40.491Z] : [success]: Workflow успешно сохранен

[2021-09-17T20:38:40.525Z] : [success]: Бот начал работу

[2021-09-17T20:38:40.526Z] : [info]: Robot start

[2021-09-17T20:38:42.228Z] : [error]: element not interactable
  (Session info: chrome=93.0.4577.82)

[2021-09-17T20:38:42.230Z] : [error]: Время выполнения: 1с 701мс

[2021-09-17T20:38:42.231Z] : [info]: ---------------------------------------------

[2021-09-17T20:39:57.723Z] : [success]: Workflow успешно сохранен

[2021-09-17T20:39:57.742Z] : [success]: Бот начал работу

[2021-09-17T20:39:57.742Z] : [info]: Robot start

[2021-09-17T20:39:59.242Z] : [error]: element not interactable
  (Session info: chrome=93.0.4577.82)

[2021-09-17T20:39:59.244Z] : [error]: Время выполнения: 1с 500мс

[2021-09-17T20:39:59.244Z] : [info]: ---------------------------------------------

[2021-09-17T20:41:02.854Z] : [success]: Workflow успешно сохранен

[2021-09-17T20:42:33.781Z] : [success]: Workflow успешно сохранен

[2021-09-17T20:42:33.798Z] : [success]: Бот начал работу

[2021-09-17T20:42:33.798Z] : [info]: Robot start

[2021-09-17T20:42:35.213Z] : [error]: Невозможно взаимодействовать с элементов, так как указанная вкладка не открыта

[2021-09-17T20:42:35.215Z] : [error]: Время выполнения: 1с 415мс

[2021-09-17T20:42:35.216Z] : [info]: ---------------------------------------------

[2021-09-17T20:43:31.247Z] : [success]: Workflow успешно сохранен

[2021-09-17T20:43:31.264Z] : [success]: Бот начал работу

[2021-09-17T20:43:31.265Z] : [info]: Robot start

[2021-09-17T20:43:33.212Z] : [error]: Невозможно взаимодействовать с элементов, так как указанная вкладка не открыта

[2021-09-17T20:43:33.213Z] : [error]: Время выполнения: 1с 947мс

[2021-09-17T20:43:33.214Z] : [info]: ---------------------------------------------

[2021-09-17T20:45:16.309Z] : [success]: Workflow успешно сохранен

[2021-09-17T20:45:16.333Z] : [success]: Бот начал работу

[2021-09-17T20:45:16.334Z] : [info]: Robot start

[2021-09-17T20:45:18.222Z] : [error]: element not interactable
  (Session info: chrome=93.0.4577.82)

[2021-09-17T20:45:18.224Z] : [error]: Время выполнения: 1с 888мс

[2021-09-17T20:45:18.225Z] : [info]: ---------------------------------------------

[2021-09-17T20:46:40.150Z] : [success]: Workflow успешно сохранен

[2021-09-17T20:46:45.308Z] : [success]: Workflow успешно сохранен

