
  ==========================================
  Studio Pro version: 6.1.13
  Started at: 18.09.2021, 10:37:08
  ==========================================
  

[2021-09-18T07:37:11.569Z] : [success]: Workflow успешно сохранен

[2021-09-18T07:37:11.592Z] : [info]: ---------------------------------------------

[2021-09-18T07:37:11.592Z] : [success]: Бот начал работу

[2021-09-18T07:37:11.593Z] : [info]: Robot start

[2021-09-18T07:37:37.318Z] : [success]: Бот успешно завершил работу, время выполнения: 25с 721мс

[2021-09-18T07:37:37.321Z] : [info]: ---------------------------------------------

[2021-09-18T07:38:46.290Z] : [success]: Workflow успешно сохранен

[2021-09-18T07:38:46.326Z] : [success]: Бот начал работу

[2021-09-18T07:38:46.326Z] : [info]: Robot start

[2021-09-18T07:39:09.853Z] : [error]: chrome not reachable
  (Session info: chrome=93.0.4577.82)

[2021-09-18T07:39:09.855Z] : [error]: Время выполнения: 23с 527мс

[2021-09-18T07:39:09.856Z] : [info]: ---------------------------------------------

[2021-09-18T07:39:14.813Z] : [success]: Workflow успешно сохранен

[2021-09-18T07:39:14.843Z] : [success]: Бот начал работу

[2021-09-18T07:39:14.844Z] : [info]: Robot start

[2021-09-18T07:39:38.869Z] : [success]: Бот успешно завершил работу, время выполнения: 24с 16мс

[2021-09-18T07:39:38.870Z] : [info]: ---------------------------------------------

[2021-09-18T07:56:55.673Z] : [success]: Workflow успешно сохранен

[2021-09-18T07:56:55.697Z] : [success]: Бот начал работу

[2021-09-18T07:56:55.698Z] : [info]: Robot start

[2021-09-18T07:57:20.387Z] : [success]: Бот успешно завершил работу, время выполнения: 24с 686мс

[2021-09-18T07:57:20.388Z] : [info]: ---------------------------------------------

[2021-09-18T07:59:56.459Z] : [success]: Workflow успешно сохранен

[2021-09-18T08:01:52.227Z] : [success]: Workflow успешно сохранен

[2021-09-18T08:03:03.108Z] : [success]: Workflow успешно сохранен

[2021-09-18T08:03:03.135Z] : [success]: Бот начал работу

[2021-09-18T08:03:03.136Z] : [info]: Robot start

[2021-09-18T08:03:27.899Z] : [success]: Бот успешно завершил работу, время выполнения: 24с 761мс

[2021-09-18T08:03:27.900Z] : [info]: ---------------------------------------------

[2021-09-18T08:09:38.690Z] : [success]: Workflow успешно сохранен

[2021-09-18T08:09:38.723Z] : [success]: Бот начал работу

[2021-09-18T08:09:38.724Z] : [info]: Robot start

[2021-09-18T08:10:02.883Z] : [error]: Невозможно взаимодействовать с элементов, так как указанная вкладка не открыта

[2021-09-18T08:10:02.885Z] : [error]: Время выполнения: 24с 159мс

[2021-09-18T08:10:02.886Z] : [info]: ---------------------------------------------

[2021-09-18T08:12:25.426Z] : [success]: Workflow успешно сохранен

[2021-09-18T08:12:25.458Z] : [success]: Бот начал работу

[2021-09-18T08:12:25.458Z] : [info]: Robot start

[2021-09-18T08:12:58.864Z] : [error]: Script Stopped.

[2021-09-18T08:12:58.867Z] : [warn]: Время выполнения: 33с 405мс

[2021-09-18T08:12:58.867Z] : [info]: ---------------------------------------------

[2021-09-18T08:13:03.747Z] : [success]: Workflow успешно сохранен

[2021-09-18T08:13:03.773Z] : [success]: Бот начал работу

[2021-09-18T08:13:03.774Z] : [info]: Robot start

[2021-09-18T08:13:05.841Z] : [error]: Script Stopped.

[2021-09-18T08:13:05.843Z] : [warn]: Время выполнения: 2с 67мс

[2021-09-18T08:13:05.844Z] : [info]: ---------------------------------------------

[2021-09-18T08:19:00.311Z] : [success]: Workflow успешно сохранен

[2021-09-18T08:19:00.337Z] : [success]: Бот начал работу

[2021-09-18T08:19:00.337Z] : [info]: Robot start

[2021-09-18T08:19:01.868Z] : [success]: Бот успешно завершил работу, время выполнения: 1с 528мс

[2021-09-18T08:19:01.869Z] : [info]: ---------------------------------------------

[2021-09-18T08:19:48.893Z] : [success]: Workflow успешно сохранен

[2021-09-18T08:19:48.921Z] : [success]: Бот начал работу

[2021-09-18T08:19:48.922Z] : [info]: Robot start

[2021-09-18T08:19:51.880Z] : [success]: Бот успешно завершил работу, время выполнения: 2с 957мс

[2021-09-18T08:19:51.881Z] : [info]: ---------------------------------------------

[2021-09-18T08:21:04.413Z] : [success]: Workflow успешно сохранен

[2021-09-18T08:21:04.438Z] : [success]: Бот начал работу

[2021-09-18T08:21:04.439Z] : [info]: Robot start

[2021-09-18T08:21:06.851Z] : [error]: unexpected alert open: {Alert text : }
  (Session info: chrome=93.0.4577.82)

[2021-09-18T08:21:06.853Z] : [error]: Время выполнения: 2с 412мс

[2021-09-18T08:21:06.854Z] : [info]: ---------------------------------------------

[2021-09-18T08:25:24.076Z] : [success]: Workflow успешно сохранен

[2021-09-18T08:25:24.111Z] : [success]: Бот начал работу

[2021-09-18T08:25:24.111Z] : [info]: Robot start

[2021-09-18T08:25:26.871Z] : [success]: Бот успешно завершил работу, время выполнения: 2с 759мс

[2021-09-18T08:25:26.872Z] : [info]: ---------------------------------------------

[2021-09-18T08:31:48.812Z] : [success]: Workflow успешно сохранен

[2021-09-18T08:31:48.852Z] : [success]: Бот начал работу

[2021-09-18T08:31:48.853Z] : [info]: Robot start

[2021-09-18T08:31:51.869Z] : [error]: element not interactable
  (Session info: chrome=93.0.4577.82)

[2021-09-18T08:31:51.871Z] : [error]: Время выполнения: 3с 16мс

[2021-09-18T08:31:51.871Z] : [info]: ---------------------------------------------

[2021-09-18T08:33:46.091Z] : [success]: Workflow успешно сохранен

[2021-09-18T08:33:46.123Z] : [success]: Бот начал работу

[2021-09-18T08:33:46.123Z] : [info]: Robot start

[2021-09-18T08:33:47.856Z] : [error]: element not interactable
  (Session info: chrome=93.0.4577.82)

[2021-09-18T08:33:47.857Z] : [error]: Время выполнения: 1с 732мс

[2021-09-18T08:33:47.858Z] : [info]: ---------------------------------------------

[2021-09-18T08:34:32.532Z] : [success]: Workflow успешно сохранен

[2021-09-18T08:35:35.170Z] : [success]: Workflow успешно сохранен

[2021-09-18T08:35:35.201Z] : [success]: Бот начал работу

[2021-09-18T08:35:35.202Z] : [info]: Robot start

[2021-09-18T08:35:37.862Z] : [error]: element not interactable
  (Session info: chrome=93.0.4577.82)

[2021-09-18T08:35:37.864Z] : [error]: Время выполнения: 2с 659мс

[2021-09-18T08:35:37.865Z] : [info]: ---------------------------------------------

[2021-09-18T08:36:46.564Z] : [success]: Workflow успешно сохранен

[2021-09-18T08:36:46.595Z] : [success]: Бот начал работу

[2021-09-18T08:36:46.595Z] : [info]: Robot start

[2021-09-18T08:36:48.844Z] : [error]: element not interactable
  (Session info: chrome=93.0.4577.82)

[2021-09-18T08:36:48.848Z] : [error]: Время выполнения: 2с 248мс

[2021-09-18T08:36:48.849Z] : [info]: ---------------------------------------------

[2021-09-18T08:38:19.054Z] : [success]: Workflow успешно сохранен

[2021-09-18T08:38:19.084Z] : [success]: Бот начал работу

[2021-09-18T08:38:19.085Z] : [info]: Robot start

[2021-09-18T08:38:20.856Z] : [error]: element not interactable
  (Session info: chrome=93.0.4577.82)

[2021-09-18T08:38:20.858Z] : [error]: Время выполнения: 1с 770мс

[2021-09-18T08:38:20.859Z] : [info]: ---------------------------------------------

[2021-09-18T08:39:40.516Z] : [success]: Workflow успешно сохранен

[2021-09-18T08:39:40.551Z] : [success]: Бот начал работу

[2021-09-18T08:39:40.551Z] : [info]: Robot start

[2021-09-18T08:39:42.859Z] : [error]: element not interactable
  (Session info: chrome=93.0.4577.82)

[2021-09-18T08:39:42.861Z] : [error]: Время выполнения: 2с 308мс

[2021-09-18T08:39:42.862Z] : [info]: ---------------------------------------------

[2021-09-18T08:42:00.638Z] : [success]: Workflow успешно сохранен

[2021-09-18T08:42:00.671Z] : [success]: Бот начал работу

[2021-09-18T08:42:00.672Z] : [info]: Robot start

[2021-09-18T08:42:03.845Z] : [error]: element not interactable
  (Session info: chrome=93.0.4577.82)

[2021-09-18T08:42:03.846Z] : [error]: Время выполнения: 3с 172мс

[2021-09-18T08:42:03.847Z] : [info]: ---------------------------------------------

[2021-09-18T08:43:06.625Z] : [success]: Workflow успешно сохранен

[2021-09-18T08:43:06.658Z] : [success]: Бот начал работу

[2021-09-18T08:43:06.659Z] : [info]: Robot start

[2021-09-18T08:43:09.850Z] : [error]: element not interactable
  (Session info: chrome=93.0.4577.82)

[2021-09-18T08:43:09.852Z] : [error]: Время выполнения: 3с 191мс

[2021-09-18T08:43:09.853Z] : [info]: ---------------------------------------------

[2021-09-18T08:43:55.780Z] : [success]: Workflow успешно сохранен

[2021-09-18T08:43:55.805Z] : [success]: Бот начал работу

[2021-09-18T08:43:55.805Z] : [info]: Robot start

[2021-09-18T08:43:57.854Z] : [error]: element not interactable
  (Session info: chrome=93.0.4577.82)

[2021-09-18T08:43:57.857Z] : [error]: Время выполнения: 2с 49мс

[2021-09-18T08:43:57.857Z] : [info]: ---------------------------------------------

[2021-09-18T08:45:05.328Z] : [success]: Workflow успешно сохранен

[2021-09-18T08:45:05.362Z] : [success]: Бот начал работу

[2021-09-18T08:45:05.362Z] : [info]: Robot start

[2021-09-18T08:45:06.878Z] : [success]: Бот успешно завершил работу, время выполнения: 1с 514мс

[2021-09-18T08:45:06.878Z] : [info]: ---------------------------------------------

[2021-09-18T08:46:10.072Z] : [success]: Workflow успешно сохранен

[2021-09-18T08:46:22.622Z] : [success]: Workflow успешно сохранен

[2021-09-18T08:46:25.226Z] : [success]: Workflow успешно сохранен

